  % Total    % Received % Xferd  Average Speed   Time    Time     Time  Current
                                 Dload  Upload   Total   Spent    Left  Speed
  0     0    0     0    0     0      0      0 --:--:-- --:--:-- --:--:--     0*   Trying 52.15.142.255...
* TCP_NODELAY set
* Connected to ec2-52-15-142-255.us-east-2.compute.amazonaws.com (52.15.142.255) port 80 (#0)
> GET / HTTP/1.1
> Host: ec2-52-15-142-255.us-east-2.compute.amazonaws.com
> User-Agent: curl/7.58.0
> Accept: */*
> Cookie: login=eyJ1c2VybmFtZSI6ImF3ZGVvcmlvIn0.X4dwEQ.tbd1kYvxJP3DlSCH8ZeH5CMJefM
> 
< HTTP/1.1 502 Bad Gateway
< Server: nginx/1.18.0 (Ubuntu)
< Date: Wed, 14 Oct 2020 23:08:20 GMT
< Content-Type: text/html
< Content-Length: 166
< Connection: keep-alive
< 
{ [166 bytes data]
100   166  100   166    0     0   1144      0 --:--:-- --:--:-- --:--:--  1144
* Connection #0 to host ec2-52-15-142-255.us-east-2.compute.amazonaws.com left intact
